# JRE version: Java(TM) SE Runtime Environment (8.0_102-b14) (build 1.8.0_102-b14)
# Java VM: Java HotSpot(TM) Client VM (25.102-b14 mixed mode windows-x86 )
Heap:
 garbage-first heap   total 630784K, used 248026K [0x04000000, 0x041009a0, 0x44000000)
  region size 1024K, 69 young (70656K), 4 survivors (4096K)
 Metaspace       used 38618K, capacity 39785K, committed 39808K, reserved 40320K
GC Heap History (10 events):
Event: 1845.166 GC heap before
{Heap before GC invocations=371 (full 3):
 garbage-first heap   total 630784K, used 555775K [0x04000000, 0x041009a0, 0x44000000)
  region size 1024K, 369 young (377856K), 4 survivors (4096K)
 Metaspace       used 38613K, capacity 39778K, committed 39808K, reserved 40320K
Event: 1845.172 GC heap after
Heap after GC invocations=372 (full 3):
 garbage-first heap   total 630784K, used 182025K [0x04000000, 0x041009a0, 0x44000000)
  region size 1024K, 4 young (4096K), 4 survivors (4096K)
 Metaspace       used 38613K, capacity 39778K, committed 39808K, reserved 40320K
}
Event: 1866.143 GC heap before
{Heap before GC invocations=372 (full 3):
 garbage-first heap   total 630784K, used 555785K [0x04000000, 0x041009a0, 0x44000000)
  region size 1024K, 369 young (377856K), 4 survivors (4096K)
 Metaspace       used 38615K, capacity 39781K, committed 39808K, reserved 40320K
Event: 1866.151 GC heap after
Heap after GC invocations=373 (full 3):
 garbage-first heap   total 630784K, used 182029K [0x04000000, 0x041009a0, 0x44000000)
  region size 1024K, 4 young (4096K), 4 survivors (4096K)
 Metaspace       used 38615K, capacity 39781K, committed 39808K, reserved 40320K
}
Event: 2034.881 GC heap before
{Heap before GC invocations=373 (full 3):
 garbage-first heap   total 630784K, used 555789K [0x04000000, 0x041009a0, 0x44000000)
  region size 1024K, 369 young (377856K), 4 survivors (4096K)
 Metaspace       used 38615K, capacity 39781K, committed 39808K, reserved 40320K
Event: 2034.892 GC heap after
Heap after GC invocations=374 (full 3):
 garbage-first heap   total 630784K, used 182254K [0x04000000, 0x041009a0, 0x44000000)
  region size 1024K, 4 young (4096K), 4 survivors (4096K)
 Metaspace       used 38615K, capacity 39781K, committed 39808K, reserved 40320K
}
Event: 2163.272 GC heap before
{Heap before GC invocations=374 (full 3):
 garbage-first heap   total 630784K, used 556014K [0x04000000, 0x041009a0, 0x44000000)
  region size 1024K, 369 young (377856K), 4 survivors (4096K)
 Metaspace       used 38618K, capacity 39785K, committed 39808K, reserved 40320K
Event: 2163.280 GC heap after
Heap after GC invocations=375 (full 3):
 garbage-first heap   total 630784K, used 182806K [0x04000000, 0x041009a0, 0x44000000)
  region size 1024K, 4 young (4096K), 4 survivors (4096K)
 Metaspace       used 38618K, capacity 39785K, committed 39808K, reserved 40320K
}
Event: 2303.768 GC heap before
{Heap before GC invocations=375 (full 3):
 garbage-first heap   total 630784K, used 556566K [0x04000000, 0x041009a0, 0x44000000)
  region size 1024K, 369 young (377856K), 4 survivors (4096K)
 Metaspace       used 38618K, capacity 39785K, committed 39808K, reserved 40320K
Event: 2303.775 GC heap after
Heap after GC invocations=376 (full 3):
 garbage-first heap   total 630784K, used 182490K [0x04000000, 0x041009a0, 0x44000000)
  region size 1024K, 4 young (4096K), 4 survivors (4096K)
 Metaspace       used 38618K, capacity 39785K, committed 39808K, reserved 40320K
}

