# JRE version: Java(TM) SE Runtime Environment (8.0_102-b14) (build 1.8.0_102-b14)
# Java VM: Java HotSpot(TM) Client VM (25.102-b14 mixed mode windows-x86 )
Heap:
 garbage-first heap   total 565248K, used 370097K [0x04000000, 0x041008a0, 0x44000000)
  region size 1024K, 189 young (193536K), 10 survivors (10240K)
 Metaspace       used 37418K, capacity 38436K, committed 38528K, reserved 39296K
GC Heap History (10 events):
Event: 94.536 GC heap before
{Heap before GC invocations=311 (full 2):
 garbage-first heap   total 500736K, used 478129K [0x04000000, 0x041007a4, 0x44000000)
  region size 1024K, 70 young (71680K), 7 survivors (7168K)
 Metaspace       used 37200K, capacity 38187K, committed 38272K, reserved 38272K
Event: 94.569 GC heap after
Heap after GC invocations=312 (full 2):
 garbage-first heap   total 509952K, used 170097K [0x04000000, 0x041007c8, 0x44000000)
  region size 1024K, 9 young (9216K), 9 survivors (9216K)
 Metaspace       used 37200K, capacity 38187K, committed 38272K, reserved 38272K
}
Event: 99.533 GC heap before
{Heap before GC invocations=312 (full 2):
 garbage-first heap   total 509952K, used 255089K [0x04000000, 0x041007c8, 0x44000000)
  region size 1024K, 45 young (46080K), 9 survivors (9216K)
 Metaspace       used 37270K, capacity 38256K, committed 38272K, reserved 38272K
Event: 99.550 GC heap after
Heap after GC invocations=313 (full 2):
 garbage-first heap   total 509952K, used 170929K [0x04000000, 0x041007c8, 0x44000000)
  region size 1024K, 10 young (10240K), 10 survivors (10240K)
 Metaspace       used 37270K, capacity 38256K, committed 38272K, reserved 38272K
}
Event: 108.549 GC heap before
{Heap before GC invocations=314 (full 2):
 garbage-first heap   total 544768K, used 519089K [0x04000000, 0x04100850, 0x44000000)
  region size 1024K, 62 young (63488K), 10 survivors (10240K)
 Metaspace       used 37286K, capacity 38268K, committed 38272K, reserved 38272K
Event: 108.567 GC heap after
Heap after GC invocations=315 (full 2):
 garbage-first heap   total 555008K, used 170929K [0x04000000, 0x04100878, 0x44000000)
  region size 1024K, 10 young (10240K), 10 survivors (10240K)
 Metaspace       used 37286K, capacity 38268K, committed 38272K, reserved 38272K
}
Event: 134.997 GC heap before
{Heap before GC invocations=315 (full 2):
 garbage-first heap   total 555008K, used 347057K [0x04000000, 0x04100878, 0x44000000)
  region size 1024K, 119 young (121856K), 10 survivors (10240K)
 Metaspace       used 37380K, capacity 38392K, committed 38400K, reserved 39296K
Event: 135.017 GC heap after
Heap after GC invocations=316 (full 2):
 garbage-first heap   total 555008K, used 170417K [0x04000000, 0x04100878, 0x44000000)
  region size 1024K, 9 young (9216K), 9 survivors (9216K)
 Metaspace       used 37380K, capacity 38392K, committed 38400K, reserved 39296K
}
Event: 177.985 GC heap before
{Heap before GC invocations=317 (full 2):
 garbage-first heap   total 555008K, used 539057K [0x04000000, 0x04100878, 0x44000000)
  region size 1024K, 225 young (230400K), 9 survivors (9216K)
 Metaspace       used 37399K, capacity 38402K, committed 38528K, reserved 39296K
Event: 178.010 GC heap after
Heap after GC invocations=318 (full 2):
 garbage-first heap   total 565248K, used 171441K [0x04000000, 0x041008a0, 0x44000000)
  region size 1024K, 10 young (10240K), 10 survivors (10240K)
 Metaspace       used 37399K, capacity 38402K, committed 38528K, reserved 39296K
}

