# JRE version: Java(TM) SE Runtime Environment (8.0_102-b14) (build 1.8.0_102-b14)
# Java VM: Java HotSpot(TM) Client VM (25.102-b14 mixed mode windows-x86 )
Heap:
 garbage-first heap   total 584704K, used 456849K [0x03e00000, 0x03f008ec, 0x43e00000)
  region size 1024K, 252 young (258048K), 3 survivors (3072K)
 Metaspace       used 38580K, capacity 39769K, committed 39808K, reserved 40320K
GC Heap History (10 events):
Event: 1689.010 GC heap before
{Heap before GC invocations=412 (full 15):
 garbage-first heap   total 584704K, used 511672K [0x03e00000, 0x03f008ec, 0x43e00000)
  region size 1024K, 306 young (313344K), 4 survivors (4096K)
 Metaspace       used 38569K, capacity 39753K, committed 39808K, reserved 40320K
Event: 1689.017 GC heap after
Heap after GC invocations=413 (full 15):
 garbage-first heap   total 584704K, used 202470K [0x03e00000, 0x03f008ec, 0x43e00000)
  region size 1024K, 3 young (3072K), 3 survivors (3072K)
 Metaspace       used 38569K, capacity 39753K, committed 39808K, reserved 40320K
}
Event: 1703.064 GC heap before
{Heap before GC invocations=413 (full 15):
 garbage-first heap   total 584704K, used 512742K [0x03e00000, 0x03f008ec, 0x43e00000)
  region size 1024K, 306 young (313344K), 3 survivors (3072K)
 Metaspace       used 38569K, capacity 39753K, committed 39808K, reserved 40320K
Event: 1703.072 GC heap after
Heap after GC invocations=414 (full 15):
 garbage-first heap   total 584704K, used 202806K [0x03e00000, 0x03f008ec, 0x43e00000)
  region size 1024K, 3 young (3072K), 3 survivors (3072K)
 Metaspace       used 38569K, capacity 39753K, committed 39808K, reserved 40320K
}
Event: 1717.964 GC heap before
{Heap before GC invocations=414 (full 15):
 garbage-first heap   total 584704K, used 513078K [0x03e00000, 0x03f008ec, 0x43e00000)
  region size 1024K, 306 young (313344K), 3 survivors (3072K)
 Metaspace       used 38572K, capacity 39757K, committed 39808K, reserved 40320K
Event: 1717.972 GC heap after
Heap after GC invocations=415 (full 15):
 garbage-first heap   total 584704K, used 202555K [0x03e00000, 0x03f008ec, 0x43e00000)
  region size 1024K, 3 young (3072K), 3 survivors (3072K)
 Metaspace       used 38572K, capacity 39757K, committed 39808K, reserved 40320K
}
Event: 1733.209 GC heap before
{Heap before GC invocations=415 (full 15):
 garbage-first heap   total 584704K, used 512827K [0x03e00000, 0x03f008ec, 0x43e00000)
  region size 1024K, 306 young (313344K), 3 survivors (3072K)
 Metaspace       used 38577K, capacity 39765K, committed 39808K, reserved 40320K
Event: 1733.215 GC heap after
Heap after GC invocations=416 (full 15):
 garbage-first heap   total 584704K, used 202839K [0x03e00000, 0x03f008ec, 0x43e00000)
  region size 1024K, 3 young (3072K), 3 survivors (3072K)
 Metaspace       used 38577K, capacity 39765K, committed 39808K, reserved 40320K
}
Event: 1748.909 GC heap before
{Heap before GC invocations=416 (full 15):
 garbage-first heap   total 584704K, used 513111K [0x03e00000, 0x03f008ec, 0x43e00000)
  region size 1024K, 306 young (313344K), 3 survivors (3072K)
 Metaspace       used 38577K, capacity 39765K, committed 39808K, reserved 40320K
Event: 1748.914 GC heap after
Heap after GC invocations=417 (full 15):
 garbage-first heap   total 584704K, used 202897K [0x03e00000, 0x03f008ec, 0x43e00000)
  region size 1024K, 3 young (3072K), 3 survivors (3072K)
 Metaspace       used 38577K, capacity 39765K, committed 39808K, reserved 40320K
}

