# JRE version: Java(TM) SE Runtime Environment (8.0_102-b14) (build 1.8.0_102-b14)
# Java VM: Java HotSpot(TM) Client VM (25.102-b14 mixed mode windows-x86 )
Heap:
 garbage-first heap   total 526336K, used 378254K [0x04000000, 0x04100808, 0x44000000)
  region size 1024K, 166 young (169984K), 3 survivors (3072K)
 Metaspace       used 38542K, capacity 40252K, committed 40576K, reserved 41344K
GC Heap History (10 events):
Event: 4466.991 GC heap before
{Heap before GC invocations=844 (full 3):
 garbage-first heap   total 526336K, used 463975K [0x04000000, 0x04100808, 0x44000000)
  region size 1024K, 265 young (271360K), 2 survivors (2048K)
 Metaspace       used 38520K, capacity 40212K, committed 40576K, reserved 41344K
Event: 4466.996 GC heap after
Heap after GC invocations=845 (full 3):
 garbage-first heap   total 526336K, used 194801K [0x04000000, 0x04100808, 0x44000000)
  region size 1024K, 2 young (2048K), 2 survivors (2048K)
 Metaspace       used 38520K, capacity 40212K, committed 40576K, reserved 41344K
}
Event: 4471.476 GC heap before
{Heap before GC invocations=845 (full 3):
 garbage-first heap   total 526336K, used 464113K [0x04000000, 0x04100808, 0x44000000)
  region size 1024K, 265 young (271360K), 2 survivors (2048K)
 Metaspace       used 38520K, capacity 40212K, committed 40576K, reserved 41344K
Event: 4471.481 GC heap after
Heap after GC invocations=846 (full 3):
 garbage-first heap   total 526336K, used 194689K [0x04000000, 0x04100808, 0x44000000)
  region size 1024K, 2 young (2048K), 2 survivors (2048K)
 Metaspace       used 38520K, capacity 40212K, committed 40576K, reserved 41344K
}
Event: 4483.701 GC heap before
{Heap before GC invocations=846 (full 3):
 garbage-first heap   total 526336K, used 464001K [0x04000000, 0x04100808, 0x44000000)
  region size 1024K, 265 young (271360K), 2 survivors (2048K)
 Metaspace       used 38528K, capacity 40212K, committed 40576K, reserved 41344K
Event: 4483.705 GC heap after
Heap after GC invocations=847 (full 3):
 garbage-first heap   total 526336K, used 194836K [0x04000000, 0x04100808, 0x44000000)
  region size 1024K, 2 young (2048K), 2 survivors (2048K)
 Metaspace       used 38528K, capacity 40212K, committed 40576K, reserved 41344K
}
Event: 4497.551 GC heap before
{Heap before GC invocations=847 (full 3):
 garbage-first heap   total 526336K, used 464148K [0x04000000, 0x04100808, 0x44000000)
  region size 1024K, 265 young (271360K), 2 survivors (2048K)
 Metaspace       used 38542K, capacity 40252K, committed 40576K, reserved 41344K
Event: 4497.558 GC heap after
Heap after GC invocations=848 (full 3):
 garbage-first heap   total 526336K, used 194949K [0x04000000, 0x04100808, 0x44000000)
  region size 1024K, 2 young (2048K), 2 survivors (2048K)
 Metaspace       used 38542K, capacity 40252K, committed 40576K, reserved 41344K
}
Event: 4511.408 GC heap before
{Heap before GC invocations=848 (full 3):
 garbage-first heap   total 526336K, used 464261K [0x04000000, 0x04100808, 0x44000000)
  region size 1024K, 265 young (271360K), 2 survivors (2048K)
 Metaspace       used 38542K, capacity 40252K, committed 40576K, reserved 41344K
Event: 4511.414 GC heap after
Heap after GC invocations=849 (full 3):
 garbage-first heap   total 526336K, used 195982K [0x04000000, 0x04100808, 0x44000000)
  region size 1024K, 3 young (3072K), 3 survivors (3072K)
 Metaspace       used 38542K, capacity 40252K, committed 40576K, reserved 41344K
}

