# JRE version: Java(TM) SE Runtime Environment (8.0_102-b14) (build 1.8.0_102-b14)
# Java VM: Java HotSpot(TM) Client VM (25.102-b14 mixed mode windows-x86 )
Heap:
 garbage-first heap   total 712704K, used 194791K [0x04000000, 0x04100ae0, 0x44000000)
  region size 1024K, 25 young (25600K), 2 survivors (2048K)
 Metaspace       used 37782K, capacity 38563K, committed 39040K, reserved 39296K
GC Heap History (10 events):
Event: 1371.301 GC heap before
{Heap before GC invocations=369 (full 3):
 garbage-first heap   total 712704K, used 629964K [0x04000000, 0x04100ae0, 0x44000000)
  region size 1024K, 417 young (427008K), 2 survivors (2048K)
 Metaspace       used 37752K, capacity 38531K, committed 39040K, reserved 39296K
Event: 1371.307 GC heap after
Heap after GC invocations=370 (full 3):
 garbage-first heap   total 712704K, used 171904K [0x04000000, 0x04100ae0, 0x44000000)
  region size 1024K, 1 young (1024K), 1 survivors (1024K)
 Metaspace       used 37752K, capacity 38531K, committed 39040K, reserved 39296K
}
Event: 1393.742 GC heap before
{Heap before GC invocations=370 (full 3):
 garbage-first heap   total 712704K, used 597888K [0x04000000, 0x04100ae0, 0x44000000)
  region size 1024K, 417 young (427008K), 1 survivors (1024K)
 Metaspace       used 37753K, capacity 38531K, committed 39040K, reserved 39296K
Event: 1393.749 GC heap after
Heap after GC invocations=371 (full 3):
 garbage-first heap   total 712704K, used 172485K [0x04000000, 0x04100ae0, 0x44000000)
  region size 1024K, 2 young (2048K), 2 survivors (2048K)
 Metaspace       used 37753K, capacity 38531K, committed 39040K, reserved 39296K
}
Event: 1415.844 GC heap before
{Heap before GC invocations=371 (full 3):
 garbage-first heap   total 712704K, used 597445K [0x04000000, 0x04100ae0, 0x44000000)
  region size 1024K, 417 young (427008K), 2 survivors (2048K)
 Metaspace       used 37775K, capacity 38563K, committed 39040K, reserved 39296K
Event: 1415.848 GC heap after
Heap after GC invocations=372 (full 3):
 garbage-first heap   total 712704K, used 172317K [0x04000000, 0x04100ae0, 0x44000000)
  region size 1024K, 2 young (2048K), 2 survivors (2048K)
 Metaspace       used 37775K, capacity 38563K, committed 39040K, reserved 39296K
}
Event: 1457.335 GC heap before
{Heap before GC invocations=372 (full 3):
 garbage-first heap   total 712704K, used 597277K [0x04000000, 0x04100ae0, 0x44000000)
  region size 1024K, 417 young (427008K), 2 survivors (2048K)
 Metaspace       used 37781K, capacity 38563K, committed 39040K, reserved 39296K
Event: 1457.340 GC heap after
Heap after GC invocations=373 (full 3):
 garbage-first heap   total 712704K, used 172156K [0x04000000, 0x04100ae0, 0x44000000)
  region size 1024K, 2 young (2048K), 2 survivors (2048K)
 Metaspace       used 37781K, capacity 38563K, committed 39040K, reserved 39296K
}
Event: 1476.047 GC heap before
{Heap before GC invocations=373 (full 3):
 garbage-first heap   total 712704K, used 597116K [0x04000000, 0x04100ae0, 0x44000000)
  region size 1024K, 417 young (427008K), 2 survivors (2048K)
 Metaspace       used 37782K, capacity 38563K, committed 39040K, reserved 39296K
Event: 1476.051 GC heap after
Heap after GC invocations=374 (full 3):
 garbage-first heap   total 712704K, used 172263K [0x04000000, 0x04100ae0, 0x44000000)
  region size 1024K, 2 young (2048K), 2 survivors (2048K)
 Metaspace       used 37782K, capacity 38563K, committed 39040K, reserved 39296K
}

